Build started 2013/6/2 7:26:30.
     1>Project "C:\Users\Administrator\Desktop\codes\ZhangJC\ZhangJC\ZhangJC.vcxproj" on node 2 (build target(s)).
     1>InitializeBuildStatus:
         Creating "Debug\ZhangJC.unsuccessfulbuild" because "AlwaysCreate" was specified.
       ClCompile:
         All outputs are up-to-date.
         C:\Program Files\Microsoft Visual Studio 10.0\VC\bin\CL.exe /c /ZI /nologo /W3 /WX- /Od /Oy- /D WIN32 /D _DEBUG /D _CONSOLE /D _UNICODE /D UNICODE /Gm /EHsc /RTC1 /MDd /GS /fp:precise /Zc:wchar_t /Zc:forScope /Yu"StdAfx.h" /Fp"Debug\ZhangJC.pch" /Fo"Debug\\" /Fd"Debug\vc100.pdb" /Gd /TP /analyze- /errorReport:prompt Main.cpp
         Main.cpp
       ManifestResourceCompile:
         All outputs are up-to-date.
       Link:
         C:\Program Files\Microsoft Visual Studio 10.0\VC\bin\link.exe /ERRORREPORT:PROMPT /OUT:"C:\Users\Administrator\Desktop\codes\ZhangJC\Debug\ZhangJC.exe" /INCREMENTAL /NOLOGO kernel32.lib user32.lib gdi32.lib winspool.lib comdlg32.lib advapi32.lib shell32.lib ole32.lib oleaut32.lib uuid.lib odbc32.lib odbccp32.lib /MANIFEST /ManifestFile:"Debug\ZhangJC.exe.intermediate.manifest" /MANIFESTUAC:"level='asInvoker' uiAccess='false'" /DEBUG /PDB:"C:\Users\Administrator\Desktop\codes\ZhangJC\Debug\ZhangJC.pdb" /SUBSYSTEM:CONSOLE /TLBID:1 /DYNAMICBASE /NXCOMPAT /IMPLIB:"C:\Users\Administrator\Desktop\codes\ZhangJC\Debug\ZhangJC.lib" /MACHINE:X86 Debug\ZhangJC.exe.embed.manifest.res
         Debug\Common_Functions.obj
         Debug\Main.obj
         Debug\stdafx.obj
       Manifest:
         C:\Program Files\Microsoft SDKs\Windows\v7.0A\bin\mt.exe /nologo /verbose /out:"Debug\ZhangJC.exe.embed.manifest" /manifest Debug\ZhangJC.exe.intermediate.manifest
         All outputs are up-to-date.
       LinkEmbedManifest:
         All outputs are up-to-date.
         ZhangJC.vcxproj -> C:\Users\Administrator\Desktop\codes\ZhangJC\Debug\ZhangJC.exe
       FinalizeBuildStatus:
         Deleting file "Debug\ZhangJC.unsuccessfulbuild".
         Touching "Debug\ZhangJC.lastbuildstate".
     1>Done Building Project "C:\Users\Administrator\Desktop\codes\ZhangJC\ZhangJC\ZhangJC.vcxproj" (build target(s)).

Build succeeded.

Time Elapsed 00:00:01.15
